<?xml version="1.0" encoding="UTF-8"?>
<!-- Generated by org.testng.reporters.JUnitReportReporter -->
<testsuite hostname="LPT-0919" failures="0" tests="1" name="com.ae.qa.testcasesTenantAdmin.AgentListPageTestTA" time="134.244" errors="0" timestamp="06 Apr 2022 07:03:04 GMT" skipped="0">
  <testcase classname="com.ae.qa.testcasesTenantAdmin.AgentListPageTestTA" name="validateDownloadAgentTest" time="134.244"/>
</testsuite> <!-- com.ae.qa.testcasesTenantAdmin.AgentListPageTestTA -->
