<?xml version="1.0" encoding="UTF-8"?>
<!-- Generated by org.testng.reporters.JUnitReportReporter -->
<testsuite hostname="LPT-0919" failures="0" tests="1" name="com.ae.qa.testcases.SystemUsersPageTest" time="41.182" errors="0" timestamp="27 Dec 2021 09:44:50 GMT" skipped="0">
  <testcase classname="com.ae.qa.testcases.SystemUsersPageTest" name="validateEditSystemUsers" time="41.182"/>
</testsuite> <!-- com.ae.qa.testcases.SystemUsersPageTest -->
